2023-06-02 17:32:27,277 INFO com.epam.training.kubernetes.dockerdemo.user.UsersMsApplication [main] Starting UsersMsApplication using Java 11.0.2 on EPAMYERW022E with PID 27176 (C:\Users\Hakob_Hakobyan3\IdeaProjects\kubernetes-mentoring-program\3-deployment-and-configuration\task\users-ms\build\classes\java\main started by Hakob_Hakobyan3 in C:\Users\Hakob_Hakobyan3\IdeaProjects\kubernetes-mentoring-program\3-deployment-and-configuration\task)
2023-06-02 17:32:27,277 INFO com.epam.training.kubernetes.dockerdemo.user.UsersMsApplication [main] Starting UsersMsApplication using Java 11.0.2 on EPAMYERW022E with PID 27176 (C:\Users\Hakob_Hakobyan3\IdeaProjects\kubernetes-mentoring-program\3-deployment-and-configuration\task\users-ms\build\classes\java\main started by Hakob_Hakobyan3 in C:\Users\Hakob_Hakobyan3\IdeaProjects\kubernetes-mentoring-program\3-deployment-and-configuration\task)
2023-06-02 17:32:27,282 DEBUG com.epam.training.kubernetes.dockerdemo.user.UsersMsApplication [main] Running with Spring Boot v2.7.10, Spring v5.3.26
2023-06-02 17:32:27,282 DEBUG com.epam.training.kubernetes.dockerdemo.user.UsersMsApplication [main] Running with Spring Boot v2.7.10, Spring v5.3.26
2023-06-02 17:32:27,283 INFO com.epam.training.kubernetes.dockerdemo.user.UsersMsApplication [main] No active profile set, falling back to 1 default profile: "default"
2023-06-02 17:32:27,283 INFO com.epam.training.kubernetes.dockerdemo.user.UsersMsApplication [main] No active profile set, falling back to 1 default profile: "default"
2023-06-02 17:32:28,395 INFO org.springframework.data.repository.config.RepositoryConfigurationDelegate [main] Bootstrapping Spring Data JPA repositories in DEFAULT mode.
2023-06-02 17:32:28,493 INFO org.springframework.data.repository.config.RepositoryConfigurationDelegate [main] Finished Spring Data repository scanning in 82 ms. Found 1 JPA repository interfaces.
2023-06-02 17:32:29,764 INFO org.springframework.boot.web.embedded.tomcat.TomcatWebServer [main] Tomcat initialized with port(s): 8085 (http)
2023-06-02 17:32:29,932 INFO org.springframework.boot.web.servlet.context.ServletWebServerApplicationContext [main] Root WebApplicationContext: initialization completed in 2597 ms
2023-06-02 17:32:32,287 INFO org.springframework.orm.jpa.LocalContainerEntityManagerFactoryBean [main] Initialized JPA EntityManagerFactory for persistence unit 'default'
2023-06-02 17:32:33,344 WARN org.springframework.boot.autoconfigure.orm.jpa.JpaBaseConfiguration$JpaWebConfiguration [main] spring.jpa.open-in-view is enabled by default. Therefore, database queries may be performed during view rendering. Explicitly configure spring.jpa.open-in-view to disable this warning
2023-06-02 17:32:34,194 INFO org.springframework.boot.web.embedded.tomcat.TomcatWebServer [main] Tomcat started on port(s): 8085 (http) with context path ''
2023-06-02 17:32:34,327 INFO org.springframework.boot.web.embedded.tomcat.TomcatWebServer [main] Tomcat initialized with port(s): 9083 (http)
2023-06-02 17:32:34,382 INFO org.springframework.boot.web.servlet.context.ServletWebServerApplicationContext [main] Root WebApplicationContext: initialization completed in 180 ms
2023-06-02 17:32:34,404 INFO org.springframework.boot.actuate.endpoint.web.EndpointLinksResolver [main] Exposing 2 endpoint(s) beneath base path '/actuator'
2023-06-02 17:32:34,484 INFO org.springframework.boot.web.embedded.tomcat.TomcatWebServer [main] Tomcat started on port(s): 9083 (http) with context path ''
2023-06-02 17:32:34,509 INFO com.epam.training.kubernetes.dockerdemo.user.UsersMsApplication [main] Started UsersMsApplication in 7.694 seconds (JVM running for 8.875)
2023-06-02 17:32:34,509 INFO com.epam.training.kubernetes.dockerdemo.user.UsersMsApplication [main] Started UsersMsApplication in 7.694 seconds (JVM running for 8.875)
2023-06-02 17:32:40,989 INFO org.springframework.orm.jpa.LocalContainerEntityManagerFactoryBean [SpringApplicationShutdownHook] Closing JPA EntityManagerFactory for persistence unit 'default'
2023-06-02 17:32:51,848 INFO com.epam.training.kubernetes.dockerdemo.user.UsersMsApplication [main] Starting UsersMsApplication using Java 11.0.2 on EPAMYERW022E with PID 1636 (C:\Users\Hakob_Hakobyan3\IdeaProjects\kubernetes-mentoring-program\3-deployment-and-configuration\task\users-ms\build\classes\java\main started by Hakob_Hakobyan3 in C:\Users\Hakob_Hakobyan3\IdeaProjects\kubernetes-mentoring-program\3-deployment-and-configuration\task)
2023-06-02 17:32:51,848 INFO com.epam.training.kubernetes.dockerdemo.user.UsersMsApplication [main] Starting UsersMsApplication using Java 11.0.2 on EPAMYERW022E with PID 1636 (C:\Users\Hakob_Hakobyan3\IdeaProjects\kubernetes-mentoring-program\3-deployment-and-configuration\task\users-ms\build\classes\java\main started by Hakob_Hakobyan3 in C:\Users\Hakob_Hakobyan3\IdeaProjects\kubernetes-mentoring-program\3-deployment-and-configuration\task)
2023-06-02 17:32:51,856 DEBUG com.epam.training.kubernetes.dockerdemo.user.UsersMsApplication [main] Running with Spring Boot v2.7.10, Spring v5.3.26
2023-06-02 17:32:51,856 DEBUG com.epam.training.kubernetes.dockerdemo.user.UsersMsApplication [main] Running with Spring Boot v2.7.10, Spring v5.3.26
2023-06-02 17:32:51,858 INFO com.epam.training.kubernetes.dockerdemo.user.UsersMsApplication [main] No active profile set, falling back to 1 default profile: "default"
2023-06-02 17:32:51,858 INFO com.epam.training.kubernetes.dockerdemo.user.UsersMsApplication [main] No active profile set, falling back to 1 default profile: "default"
2023-06-02 17:32:53,670 INFO org.springframework.data.repository.config.RepositoryConfigurationDelegate [main] Bootstrapping Spring Data JPA repositories in DEFAULT mode.
2023-06-02 17:32:53,768 INFO org.springframework.data.repository.config.RepositoryConfigurationDelegate [main] Finished Spring Data repository scanning in 79 ms. Found 1 JPA repository interfaces.
2023-06-02 17:32:55,252 INFO org.springframework.boot.web.embedded.tomcat.TomcatWebServer [main] Tomcat initialized with port(s): 8085 (http)
2023-06-02 17:32:55,466 INFO org.springframework.boot.web.servlet.context.ServletWebServerApplicationContext [main] Root WebApplicationContext: initialization completed in 3491 ms
2023-06-02 17:32:58,380 INFO org.springframework.orm.jpa.LocalContainerEntityManagerFactoryBean [main] Initialized JPA EntityManagerFactory for persistence unit 'default'
2023-06-02 17:32:59,345 WARN org.springframework.boot.autoconfigure.orm.jpa.JpaBaseConfiguration$JpaWebConfiguration [main] spring.jpa.open-in-view is enabled by default. Therefore, database queries may be performed during view rendering. Explicitly configure spring.jpa.open-in-view to disable this warning
2023-06-02 17:33:00,092 INFO org.springframework.boot.web.embedded.tomcat.TomcatWebServer [main] Tomcat started on port(s): 8085 (http) with context path ''
2023-06-02 17:33:00,242 INFO org.springframework.boot.web.embedded.tomcat.TomcatWebServer [main] Tomcat initialized with port(s): 9083 (http)
2023-06-02 17:33:00,363 INFO org.springframework.boot.web.servlet.context.ServletWebServerApplicationContext [main] Root WebApplicationContext: initialization completed in 261 ms
2023-06-02 17:33:00,404 INFO org.springframework.boot.actuate.endpoint.web.EndpointLinksResolver [main] Exposing 2 endpoint(s) beneath base path '/actuator'
2023-06-02 17:33:00,498 INFO org.springframework.boot.web.embedded.tomcat.TomcatWebServer [main] Tomcat started on port(s): 9083 (http) with context path ''
2023-06-02 17:33:00,524 INFO com.epam.training.kubernetes.dockerdemo.user.UsersMsApplication [main] Started UsersMsApplication in 9.605 seconds (JVM running for 10.606)
2023-06-02 17:33:00,524 INFO com.epam.training.kubernetes.dockerdemo.user.UsersMsApplication [main] Started UsersMsApplication in 9.605 seconds (JVM running for 10.606)
2023-06-02 17:33:13,972 INFO com.epam.training.kubernetes.dockerdemo.user.PostsMsApplication [main] Starting PostsMsApplication using Java 11.0.2 on EPAMYERW022E with PID 18012 (C:\Users\Hakob_Hakobyan3\IdeaProjects\kubernetes-mentoring-program\3-deployment-and-configuration\task\posts-ms\build\classes\java\main started by Hakob_Hakobyan3 in C:\Users\Hakob_Hakobyan3\IdeaProjects\kubernetes-mentoring-program\3-deployment-and-configuration\task)
2023-06-02 17:33:13,972 INFO com.epam.training.kubernetes.dockerdemo.user.PostsMsApplication [main] Starting PostsMsApplication using Java 11.0.2 on EPAMYERW022E with PID 18012 (C:\Users\Hakob_Hakobyan3\IdeaProjects\kubernetes-mentoring-program\3-deployment-and-configuration\task\posts-ms\build\classes\java\main started by Hakob_Hakobyan3 in C:\Users\Hakob_Hakobyan3\IdeaProjects\kubernetes-mentoring-program\3-deployment-and-configuration\task)
2023-06-02 17:33:13,984 DEBUG com.epam.training.kubernetes.dockerdemo.user.PostsMsApplication [main] Running with Spring Boot v2.7.10, Spring v5.3.26
2023-06-02 17:33:13,984 DEBUG com.epam.training.kubernetes.dockerdemo.user.PostsMsApplication [main] Running with Spring Boot v2.7.10, Spring v5.3.26
2023-06-02 17:33:13,988 INFO com.epam.training.kubernetes.dockerdemo.user.PostsMsApplication [main] No active profile set, falling back to 1 default profile: "default"
2023-06-02 17:33:13,988 INFO com.epam.training.kubernetes.dockerdemo.user.PostsMsApplication [main] No active profile set, falling back to 1 default profile: "default"
2023-06-02 17:33:15,582 INFO org.springframework.data.repository.config.RepositoryConfigurationDelegate [main] Bootstrapping Spring Data MongoDB repositories in DEFAULT mode.
2023-06-02 17:33:15,825 INFO org.springframework.data.repository.config.RepositoryConfigurationDelegate [main] Finished Spring Data repository scanning in 236 ms. Found 1 MongoDB repository interfaces.
2023-06-02 17:33:17,337 INFO org.springframework.boot.web.embedded.tomcat.TomcatWebServer [main] Tomcat initialized with port(s): 8086 (http)
2023-06-02 17:33:17,527 INFO org.springframework.boot.web.servlet.context.ServletWebServerApplicationContext [main] Root WebApplicationContext: initialization completed in 3416 ms
2023-06-02 17:33:19,895 INFO org.springframework.boot.web.embedded.tomcat.TomcatWebServer [main] Tomcat started on port(s): 8086 (http) with context path ''
2023-06-02 17:33:20,097 INFO org.springframework.boot.web.embedded.tomcat.TomcatWebServer [main] Tomcat initialized with port(s): 9084 (http)
2023-06-02 17:33:20,146 INFO org.springframework.boot.web.servlet.context.ServletWebServerApplicationContext [main] Root WebApplicationContext: initialization completed in 244 ms
2023-06-02 17:33:20,169 INFO org.springframework.boot.actuate.endpoint.web.EndpointLinksResolver [main] Exposing 2 endpoint(s) beneath base path '/actuator'
2023-06-02 17:33:20,234 INFO org.springframework.boot.web.embedded.tomcat.TomcatWebServer [main] Tomcat started on port(s): 9084 (http) with context path ''
2023-06-02 17:33:20,254 INFO com.epam.training.kubernetes.dockerdemo.user.PostsMsApplication [main] Started PostsMsApplication in 7.199 seconds (JVM running for 8.364)
2023-06-02 17:33:20,254 INFO com.epam.training.kubernetes.dockerdemo.user.PostsMsApplication [main] Started PostsMsApplication in 7.199 seconds (JVM running for 8.364)
2023-06-02 17:33:55,234 INFO org.springframework.orm.jpa.LocalContainerEntityManagerFactoryBean [SpringApplicationShutdownHook] Closing JPA EntityManagerFactory for persistence unit 'default'
2023-06-02 18:49:23,396 INFO com.epam.training.kubernetes.dockerdemo.user.UsersMsApplication [main] Starting UsersMsApplication using Java 11.0.2 on EPAMYERW022E with PID 14972 (C:\Users\Hakob_Hakobyan3\IdeaProjects\kubernetes-mentoring-program\3-deployment-and-configuration\task\users-ms\build\classes\java\main started by Hakob_Hakobyan3 in C:\Users\Hakob_Hakobyan3\IdeaProjects\kubernetes-mentoring-program\3-deployment-and-configuration\task)
2023-06-02 18:49:23,396 INFO com.epam.training.kubernetes.dockerdemo.user.UsersMsApplication [main] Starting UsersMsApplication using Java 11.0.2 on EPAMYERW022E with PID 14972 (C:\Users\Hakob_Hakobyan3\IdeaProjects\kubernetes-mentoring-program\3-deployment-and-configuration\task\users-ms\build\classes\java\main started by Hakob_Hakobyan3 in C:\Users\Hakob_Hakobyan3\IdeaProjects\kubernetes-mentoring-program\3-deployment-and-configuration\task)
2023-06-02 18:49:23,403 DEBUG com.epam.training.kubernetes.dockerdemo.user.UsersMsApplication [main] Running with Spring Boot v2.7.10, Spring v5.3.26
2023-06-02 18:49:23,403 DEBUG com.epam.training.kubernetes.dockerdemo.user.UsersMsApplication [main] Running with Spring Boot v2.7.10, Spring v5.3.26
2023-06-02 18:49:23,404 INFO com.epam.training.kubernetes.dockerdemo.user.UsersMsApplication [main] No active profile set, falling back to 1 default profile: "default"
2023-06-02 18:49:23,404 INFO com.epam.training.kubernetes.dockerdemo.user.UsersMsApplication [main] No active profile set, falling back to 1 default profile: "default"
2023-06-02 18:49:25,034 INFO org.springframework.data.repository.config.RepositoryConfigurationDelegate [main] Bootstrapping Spring Data JPA repositories in DEFAULT mode.
2023-06-02 18:49:25,132 INFO org.springframework.data.repository.config.RepositoryConfigurationDelegate [main] Finished Spring Data repository scanning in 81 ms. Found 1 JPA repository interfaces.
2023-06-02 18:49:26,842 INFO org.springframework.boot.web.embedded.tomcat.TomcatWebServer [main] Tomcat initialized with port(s): 8085 (http)
2023-06-02 18:49:27,084 INFO org.springframework.boot.web.servlet.context.ServletWebServerApplicationContext [main] Root WebApplicationContext: initialization completed in 3587 ms
2023-06-02 18:49:29,905 INFO org.springframework.orm.jpa.LocalContainerEntityManagerFactoryBean [main] Initialized JPA EntityManagerFactory for persistence unit 'default'
2023-06-02 18:49:30,887 WARN org.springframework.boot.autoconfigure.orm.jpa.JpaBaseConfiguration$JpaWebConfiguration [main] spring.jpa.open-in-view is enabled by default. Therefore, database queries may be performed during view rendering. Explicitly configure spring.jpa.open-in-view to disable this warning
2023-06-02 18:49:31,487 INFO org.springframework.boot.actuate.endpoint.web.EndpointLinksResolver [main] Exposing 2 endpoint(s) beneath base path '/actuator'
2023-06-02 18:49:31,554 INFO org.springframework.boot.web.embedded.tomcat.TomcatWebServer [main] Tomcat started on port(s): 8085 (http) with context path ''
2023-06-02 18:49:31,577 INFO com.epam.training.kubernetes.dockerdemo.user.UsersMsApplication [main] Started UsersMsApplication in 8.88 seconds (JVM running for 9.701)
2023-06-02 18:49:31,577 INFO com.epam.training.kubernetes.dockerdemo.user.UsersMsApplication [main] Started UsersMsApplication in 8.88 seconds (JVM running for 9.701)
2023-06-02 18:50:46,628 INFO org.springframework.web.servlet.DispatcherServlet [http-nio-8085-exec-2] Initializing Servlet 'dispatcherServlet'
2023-06-02 18:50:46,632 INFO org.springframework.web.servlet.DispatcherServlet [http-nio-8085-exec-2] Completed initialization in 2 ms
2023-06-02 19:04:10,940 INFO org.springframework.orm.jpa.LocalContainerEntityManagerFactoryBean [SpringApplicationShutdownHook] Closing JPA EntityManagerFactory for persistence unit 'default'
2023-06-02 19:04:24,691 INFO com.epam.training.kubernetes.dockerdemo.user.UsersMsApplication [main] Starting UsersMsApplication using Java 11.0.2 on EPAMYERW022E with PID 21560 (C:\Users\Hakob_Hakobyan3\IdeaProjects\kubernetes-mentoring-program\3-deployment-and-configuration\task\users-ms\build\classes\java\main started by Hakob_Hakobyan3 in C:\Users\Hakob_Hakobyan3\IdeaProjects\kubernetes-mentoring-program\3-deployment-and-configuration\task)
2023-06-02 19:04:24,691 INFO com.epam.training.kubernetes.dockerdemo.user.UsersMsApplication [main] Starting UsersMsApplication using Java 11.0.2 on EPAMYERW022E with PID 21560 (C:\Users\Hakob_Hakobyan3\IdeaProjects\kubernetes-mentoring-program\3-deployment-and-configuration\task\users-ms\build\classes\java\main started by Hakob_Hakobyan3 in C:\Users\Hakob_Hakobyan3\IdeaProjects\kubernetes-mentoring-program\3-deployment-and-configuration\task)
2023-06-02 19:04:24,698 DEBUG com.epam.training.kubernetes.dockerdemo.user.UsersMsApplication [main] Running with Spring Boot v2.7.10, Spring v5.3.26
2023-06-02 19:04:24,698 DEBUG com.epam.training.kubernetes.dockerdemo.user.UsersMsApplication [main] Running with Spring Boot v2.7.10, Spring v5.3.26
2023-06-02 19:04:24,699 INFO com.epam.training.kubernetes.dockerdemo.user.UsersMsApplication [main] No active profile set, falling back to 1 default profile: "default"
2023-06-02 19:04:24,699 INFO com.epam.training.kubernetes.dockerdemo.user.UsersMsApplication [main] No active profile set, falling back to 1 default profile: "default"
2023-06-02 19:04:26,764 INFO org.springframework.data.repository.config.RepositoryConfigurationDelegate [main] Bootstrapping Spring Data JPA repositories in DEFAULT mode.
2023-06-02 19:04:26,873 INFO org.springframework.data.repository.config.RepositoryConfigurationDelegate [main] Finished Spring Data repository scanning in 90 ms. Found 1 JPA repository interfaces.
2023-06-02 19:04:28,931 INFO org.springframework.boot.web.embedded.tomcat.TomcatWebServer [main] Tomcat initialized with port(s): 8085 (http)
2023-06-02 19:04:29,183 INFO org.springframework.boot.web.servlet.context.ServletWebServerApplicationContext [main] Root WebApplicationContext: initialization completed in 4372 ms
2023-06-02 19:04:32,747 INFO org.springframework.orm.jpa.LocalContainerEntityManagerFactoryBean [main] Initialized JPA EntityManagerFactory for persistence unit 'default'
2023-06-02 19:04:34,015 WARN org.springframework.boot.autoconfigure.orm.jpa.JpaBaseConfiguration$JpaWebConfiguration [main] spring.jpa.open-in-view is enabled by default. Therefore, database queries may be performed during view rendering. Explicitly configure spring.jpa.open-in-view to disable this warning
2023-06-02 19:04:34,671 INFO org.springframework.boot.actuate.endpoint.web.EndpointLinksResolver [main] Exposing 2 endpoint(s) beneath base path '/actuator'
2023-06-02 19:04:34,774 INFO org.springframework.boot.web.embedded.tomcat.TomcatWebServer [main] Tomcat started on port(s): 8085 (http) with context path ''
2023-06-02 19:04:34,806 INFO com.epam.training.kubernetes.dockerdemo.user.UsersMsApplication [main] Started UsersMsApplication in 11.151 seconds (JVM running for 12.975)
2023-06-02 19:04:34,806 INFO com.epam.training.kubernetes.dockerdemo.user.UsersMsApplication [main] Started UsersMsApplication in 11.151 seconds (JVM running for 12.975)
2023-06-02 19:04:42,492 INFO org.springframework.web.servlet.DispatcherServlet [http-nio-8085-exec-2] Initializing Servlet 'dispatcherServlet'
2023-06-02 19:04:42,494 INFO org.springframework.web.servlet.DispatcherServlet [http-nio-8085-exec-2] Completed initialization in 0 ms
2023-06-02 19:06:01,395 INFO org.springframework.orm.jpa.LocalContainerEntityManagerFactoryBean [SpringApplicationShutdownHook] Closing JPA EntityManagerFactory for persistence unit 'default'
2023-06-02 19:07:11,456 INFO com.epam.training.kubernetes.dockerdemo.user.UsersMsApplication [main] Starting UsersMsApplication using Java 11.0.2 on EPAMYERW022E with PID 28292 (C:\Users\Hakob_Hakobyan3\IdeaProjects\kubernetes-mentoring-program\3-deployment-and-configuration\task\users-ms\build\classes\java\main started by Hakob_Hakobyan3 in C:\Users\Hakob_Hakobyan3\IdeaProjects\kubernetes-mentoring-program\3-deployment-and-configuration\task)
2023-06-02 19:07:11,456 INFO com.epam.training.kubernetes.dockerdemo.user.UsersMsApplication [main] Starting UsersMsApplication using Java 11.0.2 on EPAMYERW022E with PID 28292 (C:\Users\Hakob_Hakobyan3\IdeaProjects\kubernetes-mentoring-program\3-deployment-and-configuration\task\users-ms\build\classes\java\main started by Hakob_Hakobyan3 in C:\Users\Hakob_Hakobyan3\IdeaProjects\kubernetes-mentoring-program\3-deployment-and-configuration\task)
2023-06-02 19:07:11,459 DEBUG com.epam.training.kubernetes.dockerdemo.user.UsersMsApplication [main] Running with Spring Boot v2.7.10, Spring v5.3.26
2023-06-02 19:07:11,459 DEBUG com.epam.training.kubernetes.dockerdemo.user.UsersMsApplication [main] Running with Spring Boot v2.7.10, Spring v5.3.26
2023-06-02 19:07:11,460 INFO com.epam.training.kubernetes.dockerdemo.user.UsersMsApplication [main] No active profile set, falling back to 1 default profile: "default"
2023-06-02 19:07:11,460 INFO com.epam.training.kubernetes.dockerdemo.user.UsersMsApplication [main] No active profile set, falling back to 1 default profile: "default"
2023-06-02 19:07:12,758 INFO org.springframework.data.repository.config.RepositoryConfigurationDelegate [main] Bootstrapping Spring Data JPA repositories in DEFAULT mode.
2023-06-02 19:07:12,854 INFO org.springframework.data.repository.config.RepositoryConfigurationDelegate [main] Finished Spring Data repository scanning in 77 ms. Found 1 JPA repository interfaces.
2023-06-02 19:07:14,413 INFO org.springframework.boot.web.embedded.tomcat.TomcatWebServer [main] Tomcat initialized with port(s): 8085 (http)
2023-06-02 19:07:14,602 INFO org.springframework.boot.web.servlet.context.ServletWebServerApplicationContext [main] Root WebApplicationContext: initialization completed in 3089 ms
2023-06-02 19:07:18,113 INFO org.springframework.orm.jpa.LocalContainerEntityManagerFactoryBean [main] Initialized JPA EntityManagerFactory for persistence unit 'default'
2023-06-02 19:07:19,340 WARN org.springframework.boot.autoconfigure.orm.jpa.JpaBaseConfiguration$JpaWebConfiguration [main] spring.jpa.open-in-view is enabled by default. Therefore, database queries may be performed during view rendering. Explicitly configure spring.jpa.open-in-view to disable this warning
2023-06-02 19:07:20,012 INFO org.springframework.boot.actuate.endpoint.web.EndpointLinksResolver [main] Exposing 2 endpoint(s) beneath base path '/actuator'
2023-06-02 19:07:20,100 INFO org.springframework.boot.web.embedded.tomcat.TomcatWebServer [main] Tomcat started on port(s): 8085 (http) with context path ''
2023-06-02 19:07:20,125 INFO com.epam.training.kubernetes.dockerdemo.user.UsersMsApplication [main] Started UsersMsApplication in 9.239 seconds (JVM running for 10.123)
2023-06-02 19:07:20,125 INFO com.epam.training.kubernetes.dockerdemo.user.UsersMsApplication [main] Started UsersMsApplication in 9.239 seconds (JVM running for 10.123)
2023-06-02 19:07:25,135 INFO org.springframework.web.servlet.DispatcherServlet [http-nio-8085-exec-2] Initializing Servlet 'dispatcherServlet'
2023-06-02 19:07:25,139 INFO org.springframework.web.servlet.DispatcherServlet [http-nio-8085-exec-2] Completed initialization in 1 ms
2023-06-02 19:09:23,642 INFO com.epam.training.kubernetes.dockerdemo.user.UsersMsApplication [main] Starting UsersMsApplication using Java 11.0.2 on EPAMYERW022E with PID 23816 (C:\Users\Hakob_Hakobyan3\IdeaProjects\kubernetes-mentoring-program\3-deployment-and-configuration\task\users-ms\build\classes\java\main started by Hakob_Hakobyan3 in C:\Users\Hakob_Hakobyan3\IdeaProjects\kubernetes-mentoring-program\3-deployment-and-configuration\task)
2023-06-02 19:09:23,642 INFO com.epam.training.kubernetes.dockerdemo.user.UsersMsApplication [main] Starting UsersMsApplication using Java 11.0.2 on EPAMYERW022E with PID 23816 (C:\Users\Hakob_Hakobyan3\IdeaProjects\kubernetes-mentoring-program\3-deployment-and-configuration\task\users-ms\build\classes\java\main started by Hakob_Hakobyan3 in C:\Users\Hakob_Hakobyan3\IdeaProjects\kubernetes-mentoring-program\3-deployment-and-configuration\task)
2023-06-02 19:09:23,645 DEBUG com.epam.training.kubernetes.dockerdemo.user.UsersMsApplication [main] Running with Spring Boot v2.7.10, Spring v5.3.26
2023-06-02 19:09:23,645 DEBUG com.epam.training.kubernetes.dockerdemo.user.UsersMsApplication [main] Running with Spring Boot v2.7.10, Spring v5.3.26
2023-06-02 19:09:23,646 INFO com.epam.training.kubernetes.dockerdemo.user.UsersMsApplication [main] No active profile set, falling back to 1 default profile: "default"
2023-06-02 19:09:23,646 INFO com.epam.training.kubernetes.dockerdemo.user.UsersMsApplication [main] No active profile set, falling back to 1 default profile: "default"
2023-06-02 19:09:24,870 INFO org.springframework.data.repository.config.RepositoryConfigurationDelegate [main] Bootstrapping Spring Data JPA repositories in DEFAULT mode.
2023-06-02 19:09:24,937 INFO org.springframework.data.repository.config.RepositoryConfigurationDelegate [main] Finished Spring Data repository scanning in 56 ms. Found 1 JPA repository interfaces.
2023-06-02 19:09:26,545 INFO org.springframework.boot.web.embedded.tomcat.TomcatWebServer [main] Tomcat initialized with port(s): 8085 (http)
2023-06-02 19:09:26,767 INFO org.springframework.boot.web.servlet.context.ServletWebServerApplicationContext [main] Root WebApplicationContext: initialization completed in 3062 ms
2023-06-02 19:09:29,745 INFO org.springframework.orm.jpa.LocalContainerEntityManagerFactoryBean [main] Initialized JPA EntityManagerFactory for persistence unit 'default'
2023-06-02 19:09:30,827 WARN org.springframework.boot.autoconfigure.orm.jpa.JpaBaseConfiguration$JpaWebConfiguration [main] spring.jpa.open-in-view is enabled by default. Therefore, database queries may be performed during view rendering. Explicitly configure spring.jpa.open-in-view to disable this warning
2023-06-02 19:09:31,432 INFO org.springframework.boot.actuate.endpoint.web.EndpointLinksResolver [main] Exposing 3 endpoint(s) beneath base path '/actuator'
2023-06-02 19:09:31,504 INFO org.springframework.boot.web.embedded.tomcat.TomcatWebServer [main] Tomcat started on port(s): 8085 (http) with context path ''
2023-06-02 19:09:31,526 INFO com.epam.training.kubernetes.dockerdemo.user.UsersMsApplication [main] Started UsersMsApplication in 8.375 seconds (JVM running for 9.222)
2023-06-02 19:09:31,526 INFO com.epam.training.kubernetes.dockerdemo.user.UsersMsApplication [main] Started UsersMsApplication in 8.375 seconds (JVM running for 9.222)
2023-06-02 19:09:38,701 INFO org.springframework.web.servlet.DispatcherServlet [http-nio-8085-exec-1] Initializing Servlet 'dispatcherServlet'
2023-06-02 19:09:38,705 INFO org.springframework.web.servlet.DispatcherServlet [http-nio-8085-exec-1] Completed initialization in 2 ms
2023-06-02 19:15:44,137 INFO org.springframework.orm.jpa.LocalContainerEntityManagerFactoryBean [SpringApplicationShutdownHook] Closing JPA EntityManagerFactory for persistence unit 'default'
2023-06-02 19:16:44,914 INFO com.epam.training.kubernetes.dockerdemo.user.PostsMsApplication [main] Starting PostsMsApplication using Java 11.0.2 on EPAMYERW022E with PID 33012 (C:\Users\Hakob_Hakobyan3\IdeaProjects\kubernetes-mentoring-program\3-deployment-and-configuration\task\posts-ms\build\classes\java\main started by Hakob_Hakobyan3 in C:\Users\Hakob_Hakobyan3\IdeaProjects\kubernetes-mentoring-program\3-deployment-and-configuration\task)
2023-06-02 19:16:44,914 INFO com.epam.training.kubernetes.dockerdemo.user.PostsMsApplication [main] Starting PostsMsApplication using Java 11.0.2 on EPAMYERW022E with PID 33012 (C:\Users\Hakob_Hakobyan3\IdeaProjects\kubernetes-mentoring-program\3-deployment-and-configuration\task\posts-ms\build\classes\java\main started by Hakob_Hakobyan3 in C:\Users\Hakob_Hakobyan3\IdeaProjects\kubernetes-mentoring-program\3-deployment-and-configuration\task)
2023-06-02 19:16:44,922 DEBUG com.epam.training.kubernetes.dockerdemo.user.PostsMsApplication [main] Running with Spring Boot v2.7.10, Spring v5.3.26
2023-06-02 19:16:44,922 DEBUG com.epam.training.kubernetes.dockerdemo.user.PostsMsApplication [main] Running with Spring Boot v2.7.10, Spring v5.3.26
2023-06-02 19:16:44,925 INFO com.epam.training.kubernetes.dockerdemo.user.PostsMsApplication [main] No active profile set, falling back to 1 default profile: "default"
2023-06-02 19:16:44,925 INFO com.epam.training.kubernetes.dockerdemo.user.PostsMsApplication [main] No active profile set, falling back to 1 default profile: "default"
2023-06-02 19:16:47,983 INFO org.springframework.data.repository.config.RepositoryConfigurationDelegate [main] Bootstrapping Spring Data MongoDB repositories in DEFAULT mode.
2023-06-02 19:16:48,465 INFO org.springframework.data.repository.config.RepositoryConfigurationDelegate [main] Finished Spring Data repository scanning in 464 ms. Found 1 MongoDB repository interfaces.
2023-06-02 19:16:52,654 INFO org.springframework.boot.web.embedded.tomcat.TomcatWebServer [main] Tomcat initialized with port(s): 8086 (http)
2023-06-02 19:16:53,367 INFO org.springframework.boot.web.servlet.context.ServletWebServerApplicationContext [main] Root WebApplicationContext: initialization completed in 8302 ms
2023-06-02 19:16:57,270 INFO org.springframework.boot.actuate.endpoint.web.EndpointLinksResolver [main] Exposing 3 endpoint(s) beneath base path '/actuator'
2023-06-02 19:16:57,374 INFO org.springframework.boot.web.embedded.tomcat.TomcatWebServer [main] Tomcat started on port(s): 8086 (http) with context path ''
2023-06-02 19:16:57,425 INFO com.epam.training.kubernetes.dockerdemo.user.PostsMsApplication [main] Started PostsMsApplication in 13.573 seconds (JVM running for 15.737)
2023-06-02 19:16:57,425 INFO com.epam.training.kubernetes.dockerdemo.user.PostsMsApplication [main] Started PostsMsApplication in 13.573 seconds (JVM running for 15.737)
2023-06-02 19:17:40,554 INFO org.springframework.web.servlet.DispatcherServlet [http-nio-8086-exec-1] Initializing Servlet 'dispatcherServlet'
2023-06-02 19:17:40,558 INFO org.springframework.web.servlet.DispatcherServlet [http-nio-8086-exec-1] Completed initialization in 2 ms
2023-06-02 20:15:54,567 INFO com.epam.training.kubernetes.dockerdemo.user.UsersMsApplication [main] Starting UsersMsApplication using Java 11.0.2 on EPAMYERW022E with PID 34036 (C:\Users\Hakob_Hakobyan3\IdeaProjects\kubernetes-mentoring-program\3-deployment-and-configuration\task\users-ms\build\classes\java\main started by Hakob_Hakobyan3 in C:\Users\Hakob_Hakobyan3\IdeaProjects\kubernetes-mentoring-program\3-deployment-and-configuration\task)
2023-06-02 20:15:54,567 INFO com.epam.training.kubernetes.dockerdemo.user.UsersMsApplication [main] Starting UsersMsApplication using Java 11.0.2 on EPAMYERW022E with PID 34036 (C:\Users\Hakob_Hakobyan3\IdeaProjects\kubernetes-mentoring-program\3-deployment-and-configuration\task\users-ms\build\classes\java\main started by Hakob_Hakobyan3 in C:\Users\Hakob_Hakobyan3\IdeaProjects\kubernetes-mentoring-program\3-deployment-and-configuration\task)
2023-06-02 20:15:54,574 DEBUG com.epam.training.kubernetes.dockerdemo.user.UsersMsApplication [main] Running with Spring Boot v2.7.10, Spring v5.3.26
2023-06-02 20:15:54,574 DEBUG com.epam.training.kubernetes.dockerdemo.user.UsersMsApplication [main] Running with Spring Boot v2.7.10, Spring v5.3.26
2023-06-02 20:15:54,575 INFO com.epam.training.kubernetes.dockerdemo.user.UsersMsApplication [main] No active profile set, falling back to 1 default profile: "default"
2023-06-02 20:15:54,575 INFO com.epam.training.kubernetes.dockerdemo.user.UsersMsApplication [main] No active profile set, falling back to 1 default profile: "default"
2023-06-02 20:15:56,124 INFO org.springframework.data.repository.config.RepositoryConfigurationDelegate [main] Bootstrapping Spring Data JPA repositories in DEFAULT mode.
2023-06-02 20:15:56,222 INFO org.springframework.data.repository.config.RepositoryConfigurationDelegate [main] Finished Spring Data repository scanning in 79 ms. Found 1 JPA repository interfaces.
2023-06-02 20:15:57,828 INFO org.springframework.boot.web.embedded.tomcat.TomcatWebServer [main] Tomcat initialized with port(s): 8085 (http)
2023-06-02 20:15:58,098 INFO org.springframework.boot.web.servlet.context.ServletWebServerApplicationContext [main] Root WebApplicationContext: initialization completed in 3470 ms
2023-06-02 20:16:01,261 INFO org.springframework.orm.jpa.LocalContainerEntityManagerFactoryBean [main] Initialized JPA EntityManagerFactory for persistence unit 'default'
2023-06-02 20:16:02,473 WARN org.springframework.boot.autoconfigure.orm.jpa.JpaBaseConfiguration$JpaWebConfiguration [main] spring.jpa.open-in-view is enabled by default. Therefore, database queries may be performed during view rendering. Explicitly configure spring.jpa.open-in-view to disable this warning
2023-06-02 20:16:03,241 INFO org.springframework.boot.actuate.endpoint.web.EndpointLinksResolver [main] Exposing 3 endpoint(s) beneath base path '/actuator'
2023-06-02 20:16:03,450 INFO org.springframework.boot.web.embedded.tomcat.TomcatWebServer [main] Tomcat started on port(s): 8085 (http) with context path ''
2023-06-02 20:16:03,477 INFO com.epam.training.kubernetes.dockerdemo.user.UsersMsApplication [main] Started UsersMsApplication in 9.418 seconds (JVM running for 10.847)
2023-06-02 20:16:03,477 INFO com.epam.training.kubernetes.dockerdemo.user.UsersMsApplication [main] Started UsersMsApplication in 9.418 seconds (JVM running for 10.847)
2023-06-02 20:16:09,572 INFO org.springframework.orm.jpa.LocalContainerEntityManagerFactoryBean [SpringApplicationShutdownHook] Closing JPA EntityManagerFactory for persistence unit 'default'
